<?xml version="1.0" encoding="UTF-8"?>
<testng-results ignored="0" total="1" passed="1" failed="0" skipped="0">
  <reporter-output>
  </reporter-output>
  <suite started-at="2022-12-31T15:15:44 IST" name="Default suite" finished-at="2022-12-31T15:15:57 IST" duration-ms="12708">
    <groups>
    </groups>
    <test started-at="2022-12-31T15:15:44 IST" name="Default test" finished-at="2022-12-31T15:15:57 IST" duration-ms="12708">
      <class name="pagewithoutannotation.Loginwithoutfindby">
        <test-method signature="login()[pri:0, instance:pagewithoutannotation.Loginwithoutfindby@49e53c76]" started-at="2022-12-31T15:15:44 IST" name="login" finished-at="2022-12-31T15:15:57 IST" duration-ms="12604" status="PASS">
          <reporter-output>
          </reporter-output>
        </test-method> <!-- login -->
      </class> <!-- pagewithoutannotation.Loginwithoutfindby -->
    </test> <!-- Default test -->
  </suite> <!-- Default suite -->
</testng-results>
